Arguments: 
  /usr/local/bin/node /usr/local/Cellar/yarn/1.5.1_1/libexec/bin/yarn.js i

PATH: 
  /Library/Frameworks/Python.framework/Versions/3.6/bin:/usr/local/bin:/usr/bin:/bin:/usr/sbin:/sbin:/Users/ryanjay/.rvm/bin:/usr/local/Cellar/mysql/5.6.27/bin

Yarn version: 
  1.5.1

Node version: 
  8.10.0

Platform: 
  darwin x64

npm manifest: 
  {
    "name": "react-webpack-kit",
    "version": "1.0.0",
    "description": "a boiler plate for creating react applications bundled by webpack",
    "main": "src/js/app.js",
    "scripts": {
      "clean": "rm -rf dist/*",
      "start": "npm run clean && NODE_ENV=dev webpack -p -w"
    },
    "author": "Ryan Jay",
    "license": "MIT",
    "dependencies": {
      "react": "^16.2.0",
      "react-dom": "^16.2.0"
    },
    "devDependencies": {
      "aos": "^2.2.0",
      "axios": "^0.18.0",
      "babel-core": "^6.26.0",
      "babel-loader": "^7.1.2",
      "babel-preset-env": "^1.6.1",
      "babel-preset-react": "^6.24.1",
      "babel-preset-react-hmre": "^1.1.1",
      "css-loader": "^0.28.9",
      "extract-text-webpack-plugin": "^3.0.2",
      "html-webpack-plugin": "^3.1.0",
      "node-sass": "^4.7.2",
      "postcss-loader": "^2.1.1",
      "react-hot-loader": "^3.1.3",
      "react-slick": "^0.20.0",
      "resolve-url-loader": "^2.2.1",
      "sass-loader": "^6.0.6",
      "style-loader": "^0.20.2",
      "webpack": "^3.10.0",
      "webpack-dev-server": "^2.11.1",
      "webpack-merge": "^4.1.1"
    }
  }

yarn manifest: 
  No manifest

Lockfile: 
  No lockfile

Trace: 
  Error: Command "i" not found.
      at new MessageError (/usr/local/Cellar/yarn/1.5.1_1/libexec/lib/cli.js:186:110)
      at /usr/local/Cellar/yarn/1.5.1_1/libexec/lib/cli.js:87307:17
      at Generator.next (<anonymous>)
      at step (/usr/local/Cellar/yarn/1.5.1_1/libexec/lib/cli.js:98:30)
      at /usr/local/Cellar/yarn/1.5.1_1/libexec/lib/cli.js:116:14
      at new Promise (<anonymous>)
      at new F (/usr/local/Cellar/yarn/1.5.1_1/libexec/lib/cli.js:23451:28)
      at /usr/local/Cellar/yarn/1.5.1_1/libexec/lib/cli.js:95:12
      at runCommand (/usr/local/Cellar/yarn/1.5.1_1/libexec/lib/cli.js:87312:22)
      at Object.<anonymous> (/usr/local/Cellar/yarn/1.5.1_1/libexec/lib/cli.js:87412:14)
